Considering minecraft server jar
Downloading minecraft server version 1.12.1
  ETag: 4ad498b14910c51f8ec919525fd101c6
  MD5:  4ad498b14910c51f8ec919525fd101c6
Considering library net.minecraftforge:forge:1.12.1-14.22.1.2478: Not Downloading {Wrong Side}
Considering library net.minecraft:launchwrapper:1.12
Downloading library net.minecraft:launchwrapper:1.12
Trying unpacked library net.minecraft:launchwrapper:1.12
Considering library org.ow2.asm:asm-all:5.2
Downloading library org.ow2.asm:asm-all:5.2
Trying unpacked library org.ow2.asm:asm-all:5.2
Considering library jline:jline:2.13
Downloading library jline:jline:2.13
Trying unpacked library jline:jline:2.13
Considering library com.typesafe.akka:akka-actor_2.11:2.3.3
Downloading library com.typesafe.akka:akka-actor_2.11:2.3.3
Unpacking packed file akka-actor_2.11-2.3.3.jar.pack.xz
  Signed
  Checksum Length: 140942
  Total Length:    2606968
  Temp File:       C:\Users\nclew\AppData\Local\Temp\art974867769717414916.pack
Successfully unpacked packed file akka-actor_2.11-2.3.3.jar.pack.xz
Checking "C:\Users\nclew\Desktop\Test Server\libraries\com\typesafe\akka\akka-actor_2.11\2.3.3\akka-actor_2.11-2.3.3.jar" internal checksums
    checksums.sha1 validated successfully
    Jar contents validated successfully
Considering library com.typesafe:config:1.2.1
Downloading library com.typesafe:config:1.2.1
Unpacking packed file config-1.2.1.jar.pack.xz
  Signed
  Checksum Length: 12246
  Total Length:    111476
  Temp File:       C:\Users\nclew\AppData\Local\Temp\art5304975450814452082.pack
Successfully unpacked packed file config-1.2.1.jar.pack.xz
Checking "C:\Users\nclew\Desktop\Test Server\libraries\com\typesafe\config\1.2.1\config-1.2.1.jar" internal checksums
    checksums.sha1 validated successfully
    Jar contents validated successfully
Considering library org.scala-lang:scala-actors-migration_2.11:1.1.0
Downloading library org.scala-lang:scala-actors-migration_2.11:1.1.0
Unpacking packed file scala-actors-migration_2.11-1.1.0.jar.pack.xz
  Signed
  Checksum Length: 3311
  Total Length:    52481
  Temp File:       C:\Users\nclew\AppData\Local\Temp\art8691363189234380997.pack
Successfully unpacked packed file scala-actors-migration_2.11-1.1.0.jar.pack.xz
Checking "C:\Users\nclew\Desktop\Test Server\libraries\org\scala-lang\scala-actors-migration_2.11\1.1.0\scala-actors-migration_2.11-1.1.0.jar" internal checksums
    checksums.sha1 validated successfully
    Jar contents validated successfully
Considering library org.scala-lang:scala-compiler:2.11.1
Downloading library org.scala-lang:scala-compiler:2.11.1
Unpacking packed file scala-compiler-2.11.1.jar.pack.xz
  Signed
  Checksum Length: 942120
  Total Length:    9183051
  Temp File:       C:\Users\nclew\AppData\Local\Temp\art3454610923897742321.pack
Successfully unpacked packed file scala-compiler-2.11.1.jar.pack.xz
Checking "C:\Users\nclew\Desktop\Test Server\libraries\org\scala-lang\scala-compiler\2.11.1\scala-compiler-2.11.1.jar" internal checksums
    checksums.sha1 validated successfully
    Jar contents validated successfully
Considering library org.scala-lang.plugins:scala-continuations-library_2.11:1.0.2
Downloading library org.scala-lang.plugins:scala-continuations-library_2.11:1.0.2
Unpacking packed file scala-continuations-library_2.11-1.0.2.jar.pack.xz
  Signed
  Checksum Length: 2416
  Total Length:    18871
  Temp File:       C:\Users\nclew\AppData\Local\Temp\art5866594749205562545.pack
Successfully unpacked packed file scala-continuations-library_2.11-1.0.2.jar.pack.xz
Checking "C:\Users\nclew\Desktop\Test Server\libraries\org\scala-lang\plugins\scala-continuations-library_2.11\1.0.2\scala-continuations-library_2.11-1.0.2.jar" internal checksums
    checksums.sha1 validated successfully
    Jar contents validated successfully
Considering library org.scala-lang.plugins:scala-continuations-plugin_2.11.1:1.0.2
Downloading library org.scala-lang.plugins:scala-continuations-plugin_2.11.1:1.0.2
Unpacking packed file scala-continuations-plugin_2.11.1-1.0.2.jar.pack.xz
  Signed
  Checksum Length: 16815
  Total Length:    139418
  Temp File:       C:\Users\nclew\AppData\Local\Temp\art1233309993608227613.pack
Successfully unpacked packed file scala-continuations-plugin_2.11.1-1.0.2.jar.pack.xz
Checking "C:\Users\nclew\Desktop\Test Server\libraries\org\scala-lang\plugins\scala-continuations-plugin_2.11.1\1.0.2\scala-continuations-plugin_2.11.1-1.0.2.jar" internal checksums
    checksums.sha1 validated successfully
    Jar contents validated successfully
Considering library org.scala-lang:scala-library:2.11.1
Downloading library org.scala-lang:scala-library:2.11.1
Unpacking packed file scala-library-2.11.1.jar.pack.xz
  Signed
  Checksum Length: 341368
  Total Length:    5984083
  Temp File:       C:\Users\nclew\AppData\Local\Temp\art6232729877869609251.pack
Successfully unpacked packed file scala-library-2.11.1.jar.pack.xz
Checking "C:\Users\nclew\Desktop\Test Server\libraries\org\scala-lang\scala-library\2.11.1\scala-library-2.11.1.jar" internal checksums
    checksums.sha1 validated successfully
    Jar contents validated successfully
Considering library org.scala-lang:scala-parser-combinators_2.11:1.0.1
Downloading library org.scala-lang:scala-parser-combinators_2.11:1.0.1
Unpacking packed file scala-parser-combinators_2.11-1.0.1.jar.pack.xz
  Signed
  Checksum Length: 37614
  Total Length:    273457
  Temp File:       C:\Users\nclew\AppData\Local\Temp\art8592618347995968816.pack
Successfully unpacked packed file scala-parser-combinators_2.11-1.0.1.jar.pack.xz
Checking "C:\Users\nclew\Desktop\Test Server\libraries\org\scala-lang\scala-parser-combinators_2.11\1.0.1\scala-parser-combinators_2.11-1.0.1.jar" internal checksums
    checksums.sha1 validated successfully
    Jar contents validated successfully
Considering library org.scala-lang:scala-reflect:2.11.1
Downloading library org.scala-lang:scala-reflect:2.11.1
Unpacking packed file scala-reflect-2.11.1.jar.pack.xz
  Signed
  Checksum Length: 291610
  Total Length:    3217021
  Temp File:       C:\Users\nclew\AppData\Local\Temp\art5906604794088699246.pack
Successfully unpacked packed file scala-reflect-2.11.1.jar.pack.xz
Checking "C:\Users\nclew\Desktop\Test Server\libraries\org\scala-lang\scala-reflect\2.11.1\scala-reflect-2.11.1.jar" internal checksums
    checksums.sha1 validated successfully
    Jar contents validated successfully
Considering library org.scala-lang:scala-swing_2.11:1.0.1
Downloading library org.scala-lang:scala-swing_2.11:1.0.1
Unpacking packed file scala-swing_2.11-1.0.1.jar.pack.xz
  Signed
  Checksum Length: 39019
  Total Length:    888907
  Temp File:       C:\Users\nclew\AppData\Local\Temp\art4949363691736993026.pack
Successfully unpacked packed file scala-swing_2.11-1.0.1.jar.pack.xz
Checking "C:\Users\nclew\Desktop\Test Server\libraries\org\scala-lang\scala-swing_2.11\1.0.1\scala-swing_2.11-1.0.1.jar" internal checksums
    checksums.sha1 validated successfully
    Jar contents validated successfully
Considering library org.scala-lang:scala-xml_2.11:1.0.2
Downloading library org.scala-lang:scala-xml_2.11:1.0.2
Unpacking packed file scala-xml_2.11-1.0.2.jar.pack.xz
  Signed
  Checksum Length: 35380
  Total Length:    739509
  Temp File:       C:\Users\nclew\AppData\Local\Temp\art6411242556873657406.pack
Successfully unpacked packed file scala-xml_2.11-1.0.2.jar.pack.xz
Checking "C:\Users\nclew\Desktop\Test Server\libraries\org\scala-lang\scala-xml_2.11\1.0.2\scala-xml_2.11-1.0.2.jar" internal checksums
    checksums.sha1 validated successfully
    Jar contents validated successfully
Considering library lzma:lzma:0.0.1
Downloading library lzma:lzma:0.0.1
Trying unpacked library lzma:lzma:0.0.1
Considering library net.sf.jopt-simple:jopt-simple:5.0.3
Downloading library net.sf.jopt-simple:jopt-simple:5.0.3
Trying unpacked library net.sf.jopt-simple:jopt-simple:5.0.3
Considering library java3d:vecmath:1.5.2
Downloading library java3d:vecmath:1.5.2
Trying unpacked library java3d:vecmath:1.5.2
Considering library net.sf.trove4j:trove4j:3.0.3
Downloading library net.sf.trove4j:trove4j:3.0.3
Trying unpacked library net.sf.trove4j:trove4j:3.0.3
Considering library net.minecraftforge:MercuriusUpdater:1.12.1: Not Downloading {Disabled}
